2025-04-19 17:15:19,888 - INFO - Starting Simkl Movie Tracker application
2025-04-19 17:15:19,889 - INFO - Starting main application
2025-04-19 17:15:19,890 - INFO - Initializing Simkl Movie Tracker...
2025-04-19 17:15:19,891 - INFO - Starting Simkl Movie Tracker...
2025-04-19 17:15:19,891 - INFO - Monitoring for supported video players...
2025-04-19 17:15:19,891 - INFO - Supported players: VLC, MPC-HC, Windows Media Player, MPV, etc.
2025-04-19 17:15:19,891 - INFO - Movies will be marked as watched after viewing 80% of their estimated duration
2025-04-19 17:15:19,891 - INFO - Scrobble callback function registered
2025-04-19 17:15:19,892 - INFO - Monitor loop started
2025-04-19 17:15:19,892 - INFO - Started window monitoring thread
2025-04-19 17:15:30,191 - INFO - Starting to track: jilla (2014)
2025-04-19 17:15:30,739 - INFO - Updating total duration from Nones to 113.01s based on player info.
2025-04-19 17:15:30,740 - INFO - Searching for movie: jilla (2014)
2025-04-19 17:15:32,309 - INFO - Searching Simkl for movie: 'jilla (2014)'
2025-04-19 17:15:33,035 - INFO - Found 1 results for 'jilla (2014)'
2025-04-19 17:15:33,036 - INFO - Found movie: 'Jilla' (ID: 343160)
2025-04-19 17:15:33,036 - INFO - Fetching detailed info for movie ID: 343160
2025-04-19 17:15:34,304 - INFO - Retrieved movie: 'Jilla' (2014), Runtime: 169 min, Genres: Action
2025-04-19 17:15:34,304 - INFO - Found runtime: 169 minutes for 'Jilla'
2025-04-19 17:15:34,305 - INFO - Retrieved actual runtime: 169 minutes
2025-04-19 17:15:34,305 - INFO - Caching duration information: 113.01 seconds for 'Jilla'
2025-04-19 17:16:16,458 - INFO - Seek detected: Position changed by 6.3s in 10.6s (Expected ~10.6s).
2025-04-19 17:16:26,996 - INFO - Seek detected: Position changed by 7.4s in 10.5s (Expected ~10.5s).
2025-04-19 17:16:37,535 - INFO - Seek detected: Position changed by 32.8s in 10.5s (Expected ~10.5s).
2025-04-19 17:16:37,536 - INFO - Watching 'Jilla' - Progress: 75.3%
2025-04-19 17:16:48,072 - INFO - Completion threshold (80%) met for 'Jilla'
2025-04-19 17:16:50,976 - INFO - Sending request to mark movie ID 343160 as watched
2025-04-19 17:16:51,615 - INFO - Response status code: 201
2025-04-19 17:16:51,616 - INFO - Successfully marked movie ID 343160 as watched
2025-04-19 17:16:51,617 - INFO - Successfully marked 'Jilla' as watched on Simkl
2025-04-19 17:16:51,618 - INFO - Watching 'Jilla' - Progress: 84.7%
2025-04-19 17:17:02,154 - INFO - Watching 'Jilla' - Progress: 97.1%
2025-04-19 17:17:12,158 - INFO - Media player closed or changed, stopping tracking for: jilla (2014)
2025-04-19 17:18:55,239 - INFO - Received signal 2, shutting down gracefully...
2025-04-19 17:18:55,240 - INFO - Stopping Simkl Movie Tracker...
2025-04-19 17:18:55,240 - INFO - Stopping monitor thread...
2025-04-19 17:18:56,245 - INFO - Window monitoring stopped
2025-04-19 17:19:02,206 - INFO - Monitor loop terminated
